Base path: C:/Program Files/Unity/Editor/Data
Pipe name: \\.\pipe\UnityShaderCompiler-64bit-3-6596
Cmd: getPlatforms
Cmd: compileSnippet
  api=8 type=0 insize=7075 outsize=5363 kw=DIRECTIONAL SHADOWS_OFF LIGHTMAP_OFF DIRLIGHTMAP_OFF DYNAMICLIGHTMAP_OFF ok=1
Cmd: compileSnippet
  api=1 type=0 insize=7075 outsize=1250 kw=DIRECTIONAL SHADOWS_SCREEN LIGHTMAP_OFF DIRLIGHTMAP_OFF DYNAMICLIGHTMAP_OFF VERTEXLIGHT_ON ok=1
Cmd: compileSnippet
  api=8 type=0 insize=7075 outsize=8791 kw=DIRECTIONAL SHADOWS_SCREEN SHADOWS_NATIVE LIGHTMAP_OFF DIRLIGHTMAP_OFF DYNAMICLIGHTMAP_OFF VERTEXLIGHT_ON ok=1
Cmd: compileSnippet
  api=8 type=0 insize=7075 outsize=8036 kw=DIRECTIONAL SHADOWS_OFF LIGHTMAP_OFF DIRLIGHTMAP_OFF DYNAMICLIGHTMAP_OFF FOG_LINEAR VERTEXLIGHT_ON ok=1
Cmd: compileSnippet
  api=4 type=1 insize=7075 outsize=1834 kw=DIRECTIONAL SHADOWS_SCREEN LIGHTMAP_OFF DIRLIGHTMAP_OFF DYNAMICLIGHTMAP_OFF ok=1
Cmd: compileSnippet
  api=1 type=1 insize=7075 outsize=469 kw=DIRECTIONAL SHADOWS_SCREEN LIGHTMAP_OFF DIRLIGHTMAP_OFF DYNAMICLIGHTMAP_OFF FOG_LINEAR ok=1
Cmd: compileSnippet
  api=8 type=1 insize=7075 outsize=3413 kw=DIRECTIONAL SHADOWS_SCREEN SHADOWS_NATIVE LIGHTMAP_OFF DIRLIGHTMAP_OFF DYNAMICLIGHTMAP_OFF FOG_LINEAR ok=1
Cmd: compileSnippet
  api=8 type=0 insize=3755 outsize=3892 kw=POINT ok=1
Cmd: compileSnippet
  api=8 type=0 insize=3755 outsize=3892 kw=SPOT ok=1
Cmd: compileSnippet
  api=1 type=0 insize=3755 outsize=339 kw=DIRECTIONAL_COOKIE ok=1
Cmd: compileSnippet
  api=1 type=0 insize=3755 outsize=384 kw=POINT FOG_LINEAR ok=1
Cmd: compileSnippet
  api=1 type=0 insize=3755 outsize=384 kw=DIRECTIONAL FOG_LINEAR ok=1
Cmd: compileSnippet
  api=4 type=0 insize=3755 outsize=2988 kw=SPOT FOG_LINEAR ok=1
Cmd: compileSnippet
  api=8 type=0 insize=3755 outsize=4193 kw=POINT_COOKIE FOG_LINEAR ok=1
Cmd: compileSnippet
  api=8 type=1 insize=3755 outsize=2876 kw=POINT ok=1
Cmd: compileSnippet
  api=8 type=1 insize=3755 outsize=3575 kw=SPOT ok=1
Cmd: compileSnippet
  api=1 type=1 insize=3755 outsize=358 kw=DIRECTIONAL_COOKIE ok=1
Cmd: compileSnippet
  api=1 type=1 insize=3755 outsize=483 kw=POINT FOG_LINEAR ok=1
Cmd: compileSnippet
  api=4 type=1 insize=3755 outsize=1339 kw=DIRECTIONAL FOG_LINEAR ok=1
Cmd: compileSnippet
  api=8 type=1 insize=3755 outsize=3803 kw=SPOT FOG_LINEAR ok=1
Cmd: compileSnippet
  api=8 type=1 insize=3755 outsize=2738 kw=DIRECTIONAL_COOKIE FOG_LINEAR ok=1
Cmd: compileSnippet
  api=8 type=0 insize=2913 outsize=3583 kw= ok=1
Cmd: compileSnippet
  api=8 type=0 insize=6253 outsize=5956 kw=LIGHTMAP_OFF DIRLIGHTMAP_OFF DYNAMICLIGHTMAP_OFF HDR_LIGHT_PREPASS_OFF ok=1
Cmd: compileSnippet
  api=4 type=0 insize=6253 outsize=4361 kw=LIGHTMAP_OFF DIRLIGHTMAP_OFF DYNAMICLIGHTMAP_OFF FOG_LINEAR HDR_LIGHT_PREPASS_OFF ok=1
Cmd: compileSnippet
  api=4 type=0 insize=6253 outsize=4361 kw=LIGHTMAP_OFF DIRLIGHTMAP_OFF DYNAMICLIGHTMAP_OFF FOG_LINEAR UNITY_HDR_ON ok=1
Cmd: compileSnippet
  api=8 type=1 insize=6253 outsize=2397 kw=LIGHTMAP_OFF DIRLIGHTMAP_OFF DYNAMICLIGHTMAP_OFF HDR_LIGHT_PREPASS_OFF ok=1
Cmd: compileSnippet
  api=4 type=1 insize=6253 outsize=1867 kw=LIGHTMAP_OFF DIRLIGHTMAP_OFF DYNAMICLIGHTMAP_OFF FOG_LINEAR HDR_LIGHT_PREPASS_OFF ok=1
Cmd: compileSnippet
  api=4 type=1 insize=6253 outsize=1818 kw=LIGHTMAP_OFF DIRLIGHTMAP_OFF DYNAMICLIGHTMAP_OFF FOG_LINEAR UNITY_HDR_ON ok=1
Cmd: compileSnippet
  api=4 type=0 insize=6163 outsize=3890 kw=LIGHTMAP_OFF DIRLIGHTMAP_OFF DYNAMICLIGHTMAP_OFF HDR_LIGHT_PREPASS_OFF ok=1
Cmd: compileSnippet
  api=4 type=1 insize=6163 outsize=1851 kw=LIGHTMAP_OFF DIRLIGHTMAP_OFF DYNAMICLIGHTMAP_OFF HDR_LIGHT_PREPASS_OFF ok=1
Cmd: compileSnippet
  api=1 type=0 insize=982 outsize=1025 kw=DIRECTIONAL SHADOWS_SCREEN LIGHTMAP_OFF DIRLIGHTMAP_OFF DYNAMICLIGHTMAP_OFF FOG_LINEAR ok=1
Cmd: compileSnippet
  api=4 type=0 insize=982 outsize=5864 kw=DIRECTIONAL SHADOWS_SCREEN LIGHTMAP_OFF DIRLIGHTMAP_OFF DYNAMICLIGHTMAP_OFF FOG_LINEAR VERTEXLIGHT_ON ok=1
Cmd: compileSnippet
  api=1 type=0 insize=982 outsize=1025 kw=DIRECTIONAL SHADOWS_SCREEN LIGHTMAP_OFF DIRLIGHTMAP_OFF DYNAMICLIGHTMAP_OFF FOG_LINEAR _EMISSION ok=1
Cmd: compileSnippet
  api=4 type=0 insize=982 outsize=5548 kw=DIRECTIONAL SHADOWS_OFF LIGHTMAP_OFF DIRLIGHTMAP_OFF DYNAMICLIGHTMAP_OFF FOG_LINEAR _EMISSION VERTEXLIGHT_ON ok=1
Cmd: compileSnippet
  api=1 type=0 insize=982 outsize=1385 kw=DIRECTIONAL SHADOWS_OFF LIGHTMAP_OFF DIRLIGHTMAP_OFF DYNAMICLIGHTMAP_OFF FOG_LINEAR VERTEXLIGHT_ON _ALPHABLEND_ON ok=1
Cmd: compileSnippet
  api=4 type=0 insize=982 outsize=4451 kw=DIRECTIONAL SHADOWS_SCREEN LIGHTMAP_OFF DIRLIGHTMAP_OFF DYNAMICLIGHTMAP_OFF FOG_LINEAR _ALPHAPREMULTIPLY_ON ok=1
Cmd: compileSnippet
  api=4 type=0 insize=982 outsize=5864 kw=DIRECTIONAL SHADOWS_SCREEN LIGHTMAP_OFF DIRLIGHTMAP_OFF DYNAMICLIGHTMAP_OFF FOG_LINEAR VERTEXLIGHT_ON _ALPHAPREMULTIPLY_ON ok=1
Cmd: compileSnippet
  api=4 type=0 insize=982 outsize=4451 kw=DIRECTIONAL SHADOWS_SCREEN LIGHTMAP_OFF DIRLIGHTMAP_OFF DYNAMICLIGHTMAP_OFF FOG_LINEAR _EMISSION _ALPHAPREMULTIPLY_ON ok=1
Cmd: compileSnippet
  api=4 type=0 insize=982 outsize=5864 kw=DIRECTIONAL SHADOWS_SCREEN LIGHTMAP_OFF DIRLIGHTMAP_OFF DYNAMICLIGHTMAP_OFF FOG_LINEAR _EMISSION VERTEXLIGHT_ON _ALPHAPREMULTIPLY_ON ok=1
Cmd: compileSnippet
  api=1 type=1 insize=982 outsize=3877 kw=DIRECTIONAL SHADOWS_OFF LIGHTMAP_OFF DIRLIGHTMAP_OFF DYNAMICLIGHTMAP_OFF FOG_LINEAR _EMISSION ok=1
Cmd: compileSnippet
  api=1 type=1 insize=982 outsize=3907 kw=DIRECTIONAL SHADOWS_SCREEN LIGHTMAP_OFF DIRLIGHTMAP_OFF DYNAMICLIGHTMAP_OFF FOG_LINEAR _ALPHABLEND_ON ok=1
Cmd: compileSnippet
  api=1 type=1 insize=982 outsize=3859 kw=DIRECTIONAL SHADOWS_OFF LIGHTMAP_OFF DIRLIGHTMAP_OFF DYNAMICLIGHTMAP_OFF FOG_LINEAR _ALPHAPREMULTIPLY_ON ok=1
Cmd: compileSnippet
  api=1 type=1 insize=982 outsize=3913 kw=DIRECTIONAL SHADOWS_OFF LIGHTMAP_OFF DIRLIGHTMAP_OFF DYNAMICLIGHTMAP_OFF FOG_LINEAR _EMISSION _ALPHAPREMULTIPLY_ON ok=1
Cmd: compileSnippet
  api=4 type=0 insize=938 outsize=4191 kw=DIRECTIONAL SHADOWS_OFF FOG_LINEAR ok=1
Cmd: compileSnippet
  api=1 type=0 insize=938 outsize=950 kw=POINT_COOKIE SHADOWS_OFF FOG_LINEAR ok=1
Cmd: compileSnippet
  api=4 type=0 insize=938 outsize=4881 kw=DIRECTIONAL_COOKIE SHADOWS_OFF FOG_LINEAR ok=1
Cmd: compileSnippet
  api=1 type=0 insize=938 outsize=1085 kw=DIRECTIONAL_COOKIE SHADOWS_SCREEN FOG_LINEAR ok=1
Cmd: compileSnippet
  api=1 type=0 insize=938 outsize=992 kw=POINT_COOKIE SHADOWS_CUBE FOG_LINEAR ok=1
Cmd: compileSnippet
  api=4 type=0 insize=938 outsize=5296 kw=SPOT SHADOWS_DEPTH SHADOWS_SOFT SHADOWS_NATIVE FOG_LINEAR ok=1
Cmd: compileSnippet
  api=4 type=0 insize=938 outsize=5028 kw=POINT_COOKIE SHADOWS_CUBE SHADOWS_SOFT FOG_LINEAR ok=1
Cmd: compileSnippet
  api=1 type=0 insize=938 outsize=857 kw=DIRECTIONAL SHADOWS_OFF FOG_LINEAR _ALPHABLEND_ON ok=1
Cmd: compileSnippet
  api=1 type=0 insize=938 outsize=964 kw=SPOT SHADOWS_OFF FOG_LINEAR _ALPHABLEND_ON ok=1
Cmd: compileSnippet
  api=1 type=0 insize=938 outsize=931 kw=DIRECTIONAL_COOKIE SHADOWS_OFF FOG_LINEAR _ALPHABLEND_ON ok=1
Cmd: compileSnippet
  api=1 type=0 insize=938 outsize=1011 kw=DIRECTIONAL SHADOWS_SCREEN FOG_LINEAR _ALPHABLEND_ON ok=1
Cmd: compileSnippet
  api=1 type=0 insize=938 outsize=992 kw=POINT SHADOWS_CUBE FOG_LINEAR _ALPHABLEND_ON ok=1
Cmd: compileSnippet
  api=4 type=0 insize=938 outsize=5028 kw=POINT_COOKIE SHADOWS_CUBE FOG_LINEAR _ALPHABLEND_ON ok=1
Cmd: compileSnippet
  api=4 type=0 insize=938 outsize=5028 kw=POINT_COOKIE SHADOWS_CUBE SHADOWS_SOFT FOG_LINEAR _ALPHABLEND_ON ok=1
Cmd: compileSnippet
  api=4 type=0 insize=938 outsize=4881 kw=POINT SHADOWS_OFF FOG_LINEAR _ALPHAPREMULTIPLY_ON ok=1
Cmd: compileSnippet
  api=4 type=0 insize=938 outsize=4881 kw=POINT_COOKIE SHADOWS_OFF FOG_LINEAR _ALPHAPREMULTIPLY_ON ok=1
Cmd: compileSnippet
  api=4 type=0 insize=938 outsize=4881 kw=DIRECTIONAL_COOKIE SHADOWS_OFF FOG_LINEAR _ALPHAPREMULTIPLY_ON ok=1
Cmd: compileSnippet
  api=1 type=0 insize=938 outsize=1085 kw=DIRECTIONAL_COOKIE SHADOWS_SCREEN FOG_LINEAR _ALPHAPREMULTIPLY_ON ok=1
Cmd: compileSnippet
  api=4 type=0 insize=938 outsize=5028 kw=POINT SHADOWS_CUBE FOG_LINEAR _ALPHAPREMULTIPLY_ON ok=1
Cmd: compileSnippet
  api=1 type=0 insize=938 outsize=992 kw=POINT SHADOWS_CUBE SHADOWS_SOFT FOG_LINEAR _ALPHAPREMULTIPLY_ON ok=1
Cmd: compileSnippet
  api=4 type=0 insize=938 outsize=5028 kw=POINT_COOKIE SHADOWS_CUBE SHADOWS_SOFT FOG_LINEAR _ALPHAPREMULTIPLY_ON ok=1
Cmd: compileSnippet
  api=1 type=1 insize=938 outsize=2144 kw=DIRECTIONAL SHADOWS_OFF FOG_LINEAR ok=1
Cmd: compileSnippet
  api=1 type=1 insize=938 outsize=2266 kw=POINT_COOKIE SHADOWS_OFF FOG_LINEAR ok=1
Cmd: compileSnippet
  api=1 type=1 insize=938 outsize=2446 kw=SPOT SHADOWS_DEPTH SHADOWS_NATIVE FOG_LINEAR ok=1
Cmd: compileSnippet
  api=4 type=1 insize=938 outsize=6076 kw=DIRECTIONAL SHADOWS_SCREEN FOG_LINEAR ok=1
Cmd: compileSnippet
  api=4 type=1 insize=938 outsize=6896 kw=POINT SHADOWS_CUBE FOG_LINEAR ok=1
Cmd: compileSnippet
  api=4 type=1 insize=938 outsize=7912 kw=SPOT SHADOWS_DEPTH SHADOWS_SOFT SHADOWS_NATIVE FOG_LINEAR ok=1
Cmd: compileSnippet
  api=4 type=1 insize=938 outsize=6238 kw=POINT SHADOWS_OFF FOG_LINEAR _ALPHABLEND_ON ok=1
Cmd: compileSnippet
  api=1 type=1 insize=938 outsize=2267 kw=POINT_COOKIE SHADOWS_OFF FOG_LINEAR _ALPHABLEND_ON ok=1
Cmd: compileSnippet
  api=1 type=1 insize=938 outsize=2472 kw=SPOT SHADOWS_DEPTH SHADOWS_NATIVE FOG_LINEAR _ALPHABLEND_ON ok=1
Cmd: compileSnippet
  api=4 type=1 insize=938 outsize=6360 kw=DIRECTIONAL_COOKIE SHADOWS_SCREEN FOG_LINEAR _ALPHABLEND_ON ok=1
Cmd: compileSnippet
  api=1 type=1 insize=938 outsize=2517 kw=POINT_COOKIE SHADOWS_CUBE FOG_LINEAR _ALPHABLEND_ON ok=1
Cmd: compileSnippet
  api=1 type=1 insize=938 outsize=2702 kw=POINT SHADOWS_CUBE SHADOWS_SOFT FOG_LINEAR _ALPHABLEND_ON ok=1
Cmd: compileSnippet
  api=1 type=1 insize=938 outsize=2293 kw=POINT SHADOWS_OFF FOG_LINEAR _ALPHAPREMULTIPLY_ON ok=1
Cmd: compileSnippet
  api=4 type=1 insize=938 outsize=6864 kw=SPOT SHADOWS_OFF FOG_LINEAR _ALPHAPREMULTIPLY_ON ok=1
Cmd: compileSnippet
  api=1 type=1 insize=938 outsize=2265 kw=DIRECTIONAL_COOKIE SHADOWS_OFF FOG_LINEAR _ALPHAPREMULTIPLY_ON ok=1
Cmd: compileSnippet
  api=4 type=1 insize=938 outsize=6230 kw=DIRECTIONAL SHADOWS_SCREEN FOG_LINEAR _ALPHAPREMULTIPLY_ON ok=1
Cmd: compileSnippet
  api=4 type=1 insize=938 outsize=7051 kw=POINT SHADOWS_CUBE FOG_LINEAR _ALPHAPREMULTIPLY_ON ok=1
Cmd: compileSnippet
  api=1 type=1 insize=938 outsize=2768 kw=POINT SHADOWS_CUBE SHADOWS_SOFT FOG_LINEAR _ALPHAPREMULTIPLY_ON ok=1
Cmd: compileSnippet
  api=4 type=0 insize=886 outsize=4548 kw=DIRECTIONAL SHADOWS_OFF LIGHTMAP_OFF DIRLIGHTMAP_OFF DYNAMICLIGHTMAP_OFF FOG_LINEAR ok=1
Cmd: compileSnippet
  api=4 type=0 insize=886 outsize=5962 kw=DIRECTIONAL SHADOWS_OFF LIGHTMAP_OFF DIRLIGHTMAP_OFF DYNAMICLIGHTMAP_OFF FOG_LINEAR VERTEXLIGHT_ON ok=1
Cmd: compileSnippet
  api=8 type=0 insize=886 outsize=7703 kw=DIRECTIONAL SHADOWS_SCREEN SHADOWS_NATIVE LIGHTMAP_OFF DIRLIGHTMAP_OFF DYNAMICLIGHTMAP_OFF FOG_LINEAR ok=1
Cmd: compileSnippet
  api=4 type=0 insize=886 outsize=4548 kw=DIRECTIONAL SHADOWS_OFF LIGHTMAP_OFF DIRLIGHTMAP_OFF DYNAMICLIGHTMAP_OFF FOG_LINEAR _EMISSION ok=1
Cmd: compileSnippet
  api=1 type=0 insize=886 outsize=1390 kw=DIRECTIONAL SHADOWS_OFF LIGHTMAP_OFF DIRLIGHTMAP_OFF DYNAMICLIGHTMAP_OFF FOG_LINEAR _EMISSION VERTEXLIGHT_ON ok=1
Cmd: compileSnippet
  api=4 type=0 insize=886 outsize=6279 kw=DIRECTIONAL SHADOWS_SCREEN LIGHTMAP_OFF DIRLIGHTMAP_OFF DYNAMICLIGHTMAP_OFF FOG_LINEAR _EMISSION VERTEXLIGHT_ON ok=1
Cmd: compileSnippet
  api=1 type=0 insize=886 outsize=1009 kw=DIRECTIONAL SHADOWS_SCREEN LIGHTMAP_OFF DIRLIGHTMAP_OFF DYNAMICLIGHTMAP_OFF FOG_LINEAR _ALPHABLEND_ON ok=1
Cmd: compileSnippet
  api=1 type=0 insize=886 outsize=1390 kw=DIRECTIONAL SHADOWS_OFF LIGHTMAP_OFF DIRLIGHTMAP_OFF DYNAMICLIGHTMAP_OFF FOG_LINEAR VERTEXLIGHT_ON _ALPHABLEND_ON ok=1
Cmd: compileSnippet
  api=4 type=0 insize=886 outsize=6279 kw=DIRECTIONAL SHADOWS_SCREEN LIGHTMAP_OFF DIRLIGHTMAP_OFF DYNAMICLIGHTMAP_OFF FOG_LINEAR VERTEXLIGHT_ON _ALPHABLEND_ON ok=1
Cmd: compileSnippet
  api=1 type=0 insize=886 outsize=896 kw=DIRECTIONAL SHADOWS_OFF LIGHTMAP_OFF DIRLIGHTMAP_OFF DYNAMICLIGHTMAP_OFF FOG_LINEAR _ALPHAPREMULTIPLY_ON ok=1
Cmd: compileSnippet
  api=4 type=0 insize=886 outsize=4865 kw=DIRECTIONAL SHADOWS_SCREEN LIGHTMAP_OFF DIRLIGHTMAP_OFF DYNAMICLIGHTMAP_OFF FOG_LINEAR _ALPHAPREMULTIPLY_ON ok=1
Cmd: compileSnippet
  api=4 type=0 insize=886 outsize=6279 kw=DIRECTIONAL SHADOWS_SCREEN LIGHTMAP_OFF DIRLIGHTMAP_OFF DYNAMICLIGHTMAP_OFF FOG_LINEAR VERTEXLIGHT_ON _ALPHAPREMULTIPLY_ON ok=1
Cmd: compileSnippet
  api=8 type=0 insize=886 outsize=6646 kw=DIRECTIONAL SHADOWS_OFF LIGHTMAP_OFF DIRLIGHTMAP_OFF DYNAMICLIGHTMAP_OFF FOG_LINEAR _EMISSION _ALPHAPREMULTIPLY_ON ok=1
Cmd: compileSnippet
  api=8 type=0 insize=886 outsize=8954 kw=DIRECTIONAL SHADOWS_OFF LIGHTMAP_OFF DIRLIGHTMAP_OFF DYNAMICLIGHTMAP_OFF FOG_LINEAR _EMISSION VERTEXLIGHT_ON _ALPHAPREMULTIPLY_ON ok=1
Cmd: compileSnippet
  api=8 type=0 insize=886 outsize=10010 kw=DIRECTIONAL SHADOWS_SCREEN SHADOWS_NATIVE LIGHTMAP_OFF DIRLIGHTMAP_OFF DYNAMICLIGHTMAP_OFF FOG_LINEAR _EMISSION VERTEXLIGHT_ON _ALPHAPREMULTIPLY_ON ok=1
Cmd: compileSnippet
  api=4 type=1 insize=886 outsize=4321 kw=DIRECTIONAL SHADOWS_OFF LIGHTMAP_OFF DIRLIGHTMAP_OFF DYNAMICLIGHTMAP_OFF FOG_LINEAR ok=1
Cmd: compileSnippet
  api=8 type=1 insize=886 outsize=6565 kw=DIRECTIONAL SHADOWS_OFF LIGHTMAP_OFF DIRLIGHTMAP_OFF DYNAMICLIGHTMAP_OFF FOG_LINEAR _EMISSION ok=1
Cmd: compileSnippet
  api=4 type=1 insize=886 outsize=4345 kw=DIRECTIONAL SHADOWS_OFF LIGHTMAP_OFF DIRLIGHTMAP_OFF DYNAMICLIGHTMAP_OFF FOG_LINEAR _ALPHABLEND_ON ok=1
Cmd: compileSnippet
  api=4 type=1 insize=886 outsize=4662 kw=DIRECTIONAL SHADOWS_SCREEN LIGHTMAP_OFF DIRLIGHTMAP_OFF DYNAMICLIGHTMAP_OFF FOG_LINEAR _ALPHABLEND_ON ok=1
Cmd: compileSnippet
  api=1 type=1 insize=886 outsize=1212 kw=DIRECTIONAL SHADOWS_OFF LIGHTMAP_OFF DIRLIGHTMAP_OFF DYNAMICLIGHTMAP_OFF FOG_LINEAR _ALPHAPREMULTIPLY_ON ok=1
Cmd: compileSnippet
  api=4 type=1 insize=886 outsize=4694 kw=DIRECTIONAL SHADOWS_SCREEN LIGHTMAP_OFF DIRLIGHTMAP_OFF DYNAMICLIGHTMAP_OFF FOG_LINEAR _ALPHAPREMULTIPLY_ON ok=1
Cmd: compileSnippet
  api=1 type=1 insize=886 outsize=1265 kw=DIRECTIONAL SHADOWS_OFF LIGHTMAP_OFF DIRLIGHTMAP_OFF DYNAMICLIGHTMAP_OFF FOG_LINEAR _EMISSION _ALPHAPREMULTIPLY_ON ok=1
Cmd: compileSnippet
  api=4 type=1 insize=886 outsize=4906 kw=DIRECTIONAL SHADOWS_SCREEN LIGHTMAP_OFF DIRLIGHTMAP_OFF DYNAMICLIGHTMAP_OFF FOG_LINEAR _EMISSION _ALPHAPREMULTIPLY_ON ok=1
Cmd: compileSnippet
  api=4 type=0 insize=816 outsize=5271 kw=POINT SHADOWS_OFF FOG_LINEAR ok=1
Cmd: compileSnippet
  api=1 type=0 insize=816 outsize=935 kw=SPOT SHADOWS_OFF FOG_LINEAR ok=1
Cmd: compileSnippet
  api=1 type=0 insize=816 outsize=916 kw=POINT_COOKIE SHADOWS_OFF FOG_LINEAR ok=1
Cmd: compileSnippet
  api=1 type=0 insize=816 outsize=882 kw=DIRECTIONAL_COOKIE SHADOWS_OFF FOG_LINEAR ok=1
Cmd: compileSnippet
  api=4 type=0 insize=816 outsize=5686 kw=SPOT SHADOWS_DEPTH SHADOWS_NATIVE FOG_LINEAR ok=1
Cmd: compileSnippet
  api=1 type=0 insize=816 outsize=1015 kw=DIRECTIONAL_COOKIE SHADOWS_SCREEN FOG_LINEAR ok=1
Cmd: compileSnippet
  api=8 type=0 insize=816 outsize=7768 kw=POINT SHADOWS_CUBE FOG_LINEAR ok=1
Cmd: compileSnippet
  api=8 type=0 insize=816 outsize=7589 kw=POINT SHADOWS_OFF FOG_LINEAR _ALPHABLEND_ON ok=1
Cmd: compileSnippet
  api=4 type=0 insize=816 outsize=5271 kw=SPOT SHADOWS_OFF FOG_LINEAR _ALPHABLEND_ON ok=1
Cmd: compileSnippet
  api=4 type=0 insize=816 outsize=5271 kw=POINT_COOKIE SHADOWS_OFF FOG_LINEAR _ALPHABLEND_ON ok=1
Cmd: compileSnippet
  api=8 type=0 insize=816 outsize=7410 kw=DIRECTIONAL_COOKIE SHADOWS_OFF FOG_LINEAR _ALPHABLEND_ON ok=1
Cmd: compileSnippet
  api=4 type=0 insize=816 outsize=4743 kw=DIRECTIONAL SHADOWS_SCREEN FOG_LINEAR _ALPHABLEND_ON ok=1
Cmd: compileSnippet
  api=1 type=0 insize=816 outsize=938 kw=POINT SHADOWS_CUBE FOG_LINEAR _ALPHABLEND_ON ok=1
Cmd: compileSnippet
  api=1 type=0 insize=816 outsize=938 kw=POINT_COOKIE SHADOWS_CUBE FOG_LINEAR _ALPHABLEND_ON ok=1
Cmd: compileSnippet
  api=8 type=0 insize=816 outsize=7443 kw=DIRECTIONAL SHADOWS_SCREEN SHADOWS_NATIVE FOG_LINEAR _ALPHABLEND_ON ok=1
Cmd: compileSnippet
  api=4 type=0 insize=816 outsize=5271 kw=POINT SHADOWS_OFF FOG_LINEAR _ALPHAPREMULTIPLY_ON ok=1
Cmd: compileSnippet
  api=1 type=0 insize=816 outsize=935 kw=SPOT SHADOWS_OFF FOG_LINEAR _ALPHAPREMULTIPLY_ON ok=1
Cmd: compileSnippet
  api=1 type=0 insize=816 outsize=916 kw=POINT_COOKIE SHADOWS_OFF FOG_LINEAR _ALPHAPREMULTIPLY_ON ok=1
Cmd: compileSnippet
  api=1 type=0 insize=816 outsize=882 kw=DIRECTIONAL_COOKIE SHADOWS_OFF FOG_LINEAR _ALPHAPREMULTIPLY_ON ok=1
Cmd: compileSnippet
  api=4 type=0 insize=816 outsize=5686 kw=SPOT SHADOWS_DEPTH SHADOWS_NATIVE FOG_LINEAR _ALPHAPREMULTIPLY_ON ok=1
Cmd: compileSnippet
  api=1 type=0 insize=816 outsize=1015 kw=DIRECTIONAL_COOKIE SHADOWS_SCREEN FOG_LINEAR _ALPHAPREMULTIPLY_ON ok=1
Cmd: compileSnippet
  api=4 type=0 insize=816 outsize=5418 kw=POINT SHADOWS_CUBE FOG_LINEAR _ALPHAPREMULTIPLY_ON ok=1
Cmd: compileSnippet
  api=8 type=0 insize=816 outsize=7768 kw=POINT_COOKIE SHADOWS_CUBE FOG_LINEAR _ALPHAPREMULTIPLY_ON ok=1
Cmd: compileSnippet
  api=1 type=1 insize=816 outsize=776 kw=DIRECTIONAL SHADOWS_OFF FOG_LINEAR ok=1
Cmd: compileSnippet
  api=8 type=1 insize=816 outsize=4119 kw=DIRECTIONAL SHADOWS_OFF FOG_LINEAR ok=1
Cmd: compileSnippet
  api=4 type=1 insize=816 outsize=3256 kw=POINT_COOKIE SHADOWS_OFF FOG_LINEAR ok=1
Cmd: compileSnippet
  api=8 type=1 insize=816 outsize=4501 kw=DIRECTIONAL_COOKIE SHADOWS_OFF FOG_LINEAR ok=1
Cmd: compileSnippet
  api=4 type=1 insize=816 outsize=3069 kw=DIRECTIONAL SHADOWS_SCREEN FOG_LINEAR ok=1
Cmd: compileSnippet
  api=1 type=1 insize=816 outsize=1036 kw=POINT SHADOWS_CUBE FOG_LINEAR ok=1
Cmd: compileSnippet
  api=4 type=1 insize=816 outsize=3939 kw=POINT_COOKIE SHADOWS_CUBE FOG_LINEAR ok=1
Cmd: compileSnippet
  api=8 type=1 insize=816 outsize=5216 kw=DIRECTIONAL_COOKIE SHADOWS_SCREEN SHADOWS_NATIVE FOG_LINEAR ok=1
Cmd: compileSnippet
  api=4 type=1 insize=816 outsize=3094 kw=POINT SHADOWS_OFF FOG_LINEAR _ALPHABLEND_ON ok=1
Cmd: compileSnippet
  api=1 type=1 insize=816 outsize=997 kw=SPOT SHADOWS_OFF FOG_LINEAR _ALPHABLEND_ON ok=1
Cmd: compileSnippet
  api=1 type=1 insize=816 outsize=920 kw=POINT_COOKIE SHADOWS_OFF FOG_LINEAR _ALPHABLEND_ON ok=1
Cmd: compileSnippet
  api=1 type=1 insize=816 outsize=836 kw=DIRECTIONAL_COOKIE SHADOWS_OFF FOG_LINEAR _ALPHABLEND_ON ok=1
Cmd: compileSnippet
  api=4 type=1 insize=816 outsize=4109 kw=SPOT SHADOWS_DEPTH SHADOWS_NATIVE FOG_LINEAR _ALPHABLEND_ON ok=1
Cmd: compileSnippet
  api=1 type=1 insize=816 outsize=893 kw=DIRECTIONAL_COOKIE SHADOWS_SCREEN FOG_LINEAR _ALPHABLEND_ON ok=1
Cmd: compileSnippet
  api=4 type=1 insize=816 outsize=3776 kw=POINT SHADOWS_CUBE FOG_LINEAR _ALPHABLEND_ON ok=1
Cmd: compileSnippet
  api=8 type=1 insize=816 outsize=5956 kw=POINT_COOKIE SHADOWS_CUBE FOG_LINEAR _ALPHABLEND_ON ok=1
Cmd: compileSnippet
  api=4 type=1 insize=816 outsize=3126 kw=POINT SHADOWS_OFF FOG_LINEAR _ALPHAPREMULTIPLY_ON ok=1
Cmd: compileSnippet
  api=8 type=1 insize=816 outsize=4217 kw=DIRECTIONAL SHADOWS_OFF FOG_LINEAR _ALPHAPREMULTIPLY_ON ok=1
Cmd: compileSnippet
  api=8 type=1 insize=816 outsize=4997 kw=POINT_COOKIE SHADOWS_OFF FOG_LINEAR _ALPHAPREMULTIPLY_ON ok=1
Cmd: compileSnippet
  api=8 type=1 insize=816 outsize=4599 kw=DIRECTIONAL_COOKIE SHADOWS_OFF FOG_LINEAR _ALPHAPREMULTIPLY_ON ok=1
Cmd: compileSnippet
  api=4 type=1 insize=816 outsize=3126 kw=DIRECTIONAL SHADOWS_SCREEN FOG_LINEAR _ALPHAPREMULTIPLY_ON ok=1
Cmd: compileSnippet
  api=1 type=1 insize=816 outsize=1091 kw=POINT SHADOWS_CUBE FOG_LINEAR _ALPHAPREMULTIPLY_ON ok=1
Cmd: compileSnippet
  api=4 type=1 insize=816 outsize=3996 kw=POINT_COOKIE SHADOWS_CUBE FOG_LINEAR _ALPHAPREMULTIPLY_ON ok=1
Cmd: compileSnippet
  api=4 type=0 insize=6810 outsize=3898 kw=DIRECTIONAL SHADOWS_OFF LIGHTMAP_OFF DIRLIGHTMAP_OFF DYNAMICLIGHTMAP_OFF FOG_LINEAR ok=1
Cmd: compileSnippet
  api=4 type=0 insize=6810 outsize=5353 kw=DIRECTIONAL SHADOWS_OFF LIGHTMAP_OFF DIRLIGHTMAP_OFF DYNAMICLIGHTMAP_OFF FOG_LINEAR VERTEXLIGHT_ON ok=1
Cmd: compileSnippet
  api=8 type=0 insize=6810 outsize=6589 kw=DIRECTIONAL SHADOWS_SCREEN SHADOWS_NATIVE LIGHTMAP_OFF DIRLIGHTMAP_OFF DYNAMICLIGHTMAP_OFF FOG_LINEAR ok=1
Cmd: compileSnippet
  api=1 type=1 insize=6810 outsize=319 kw=DIRECTIONAL SHADOWS_OFF LIGHTMAP_OFF DIRLIGHTMAP_OFF DYNAMICLIGHTMAP_OFF FOG_LINEAR ok=1
Cmd: compileSnippet
  api=4 type=1 insize=6810 outsize=1932 kw=DIRECTIONAL SHADOWS_SCREEN LIGHTMAP_OFF DIRLIGHTMAP_OFF DYNAMICLIGHTMAP_OFF FOG_LINEAR ok=1
Cmd: compileSnippet
  api=1 type=0 insize=3647 outsize=384 kw=POINT FOG_LINEAR ok=1
Cmd: compileSnippet
  api=4 type=0 insize=3647 outsize=2988 kw=DIRECTIONAL FOG_LINEAR ok=1
Cmd: compileSnippet
  api=1 type=0 insize=3647 outsize=384 kw=POINT_COOKIE FOG_LINEAR ok=1
Cmd: compileSnippet
  api=4 type=0 insize=3647 outsize=2988 kw=DIRECTIONAL_COOKIE FOG_LINEAR ok=1
Cmd: compileSnippet
  api=1 type=1 insize=3647 outsize=275 kw=DIRECTIONAL FOG_LINEAR ok=1
Cmd: compileSnippet
  api=4 type=1 insize=3647 outsize=1339 kw=DIRECTIONAL FOG_LINEAR ok=1
Cmd: compileSnippet
  api=8 type=1 insize=3647 outsize=3803 kw=SPOT FOG_LINEAR ok=1
Cmd: compileSnippet
  api=8 type=1 insize=3647 outsize=2738 kw=DIRECTIONAL_COOKIE FOG_LINEAR ok=1
Cmd: compileSnippet
  api=1 type=0 insize=5995 outsize=737 kw=LIGHTMAP_OFF DIRLIGHTMAP_OFF DYNAMICLIGHTMAP_OFF FOG_LINEAR UNITY_HDR_ON ok=1
Cmd: compileSnippet
  api=8 type=0 insize=5995 outsize=6086 kw=LIGHTMAP_OFF DIRLIGHTMAP_OFF DYNAMICLIGHTMAP_OFF FOG_LINEAR UNITY_HDR_ON ok=1
Cmd: compileSnippet
  api=4 type=1 insize=5995 outsize=1623 kw=LIGHTMAP_OFF DIRLIGHTMAP_OFF DYNAMICLIGHTMAP_OFF FOG_LINEAR HDR_LIGHT_PREPASS_OFF ok=1
Cmd: compileSnippet
  api=8 type=1 insize=5995 outsize=2275 kw=LIGHTMAP_OFF DIRLIGHTMAP_OFF DYNAMICLIGHTMAP_OFF FOG_LINEAR UNITY_HDR_ON ok=1
Unhandled exception: Readfile from pipe failed. GLE=The pipe has been ended.


Quitting shader compiler process
