Base path: C:/Program Files/Unity/Editor/Data
Pipe name: \\.\pipe\UnityShaderCompiler-64bit-4-7352
Cmd: getPlatforms
Cmd: compileSnippet
  api=1 type=0 insize=982 outsize=991 kw=DIRECTIONAL SHADOWS_SCREEN LIGHTMAP_OFF DIRLIGHTMAP_OFF DYNAMICLIGHTMAP_OFF _EMISSION _ALPHABLEND_ON ok=1
Cmd: compileSnippet
  api=1 type=0 insize=982 outsize=1485 kw=DIRECTIONAL SHADOWS_SCREEN LIGHTMAP_OFF DIRLIGHTMAP_OFF DYNAMICLIGHTMAP_OFF _EMISSION VERTEXLIGHT_ON _ALPHABLEND_ON ok=1
Cmd: compileSnippet
  api=1 type=0 insize=982 outsize=1385 kw=DIRECTIONAL SHADOWS_OFF LIGHTMAP_OFF DIRLIGHTMAP_OFF DYNAMICLIGHTMAP_OFF FOG_LINEAR _EMISSION VERTEXLIGHT_ON _ALPHABLEND_ON ok=1
Cmd: compileSnippet
  api=1 type=1 insize=982 outsize=3863 kw=DIRECTIONAL SHADOWS_OFF LIGHTMAP_OFF DIRLIGHTMAP_OFF DYNAMICLIGHTMAP_OFF FOG_LINEAR _EMISSION _ALPHABLEND_ON ok=1
Cmd: compileSnippet
  api=4 type=1 insize=982 outsize=11454 kw=DIRECTIONAL SHADOWS_SCREEN LIGHTMAP_OFF DIRLIGHTMAP_OFF DYNAMICLIGHTMAP_OFF FOG_LINEAR _EMISSION _ALPHABLEND_ON ok=1
Cmd: compileSnippet
  api=4 type=0 insize=1152 outsize=3979 kw=LIGHTMAP_OFF DIRLIGHTMAP_OFF DYNAMICLIGHTMAP_OFF _EMISSION UNITY_HDR_ON _ALPHABLEND_ON ok=1
Cmd: compileSnippet
  api=4 type=1 insize=1152 outsize=8066 kw=LIGHTMAP_OFF DIRLIGHTMAP_OFF DYNAMICLIGHTMAP_OFF _EMISSION _ALPHABLEND_ON ok=1
Cmd: compileSnippet
  api=1 type=1 insize=1152 outsize=2387 kw=LIGHTMAP_OFF DIRLIGHTMAP_OFF DYNAMICLIGHTMAP_OFF _EMISSION UNITY_HDR_ON _ALPHABLEND_ON ok=1
Cmd: compileSnippet
  api=8 type=0 insize=886 outsize=6346 kw=DIRECTIONAL SHADOWS_OFF LIGHTMAP_OFF DIRLIGHTMAP_OFF DYNAMICLIGHTMAP_OFF _EMISSION _ALPHABLEND_ON ok=1
Cmd: compileSnippet
  api=8 type=0 insize=886 outsize=8653 kw=DIRECTIONAL SHADOWS_OFF LIGHTMAP_OFF DIRLIGHTMAP_OFF DYNAMICLIGHTMAP_OFF _EMISSION VERTEXLIGHT_ON _ALPHABLEND_ON ok=1
Cmd: compileSnippet
  api=8 type=0 insize=886 outsize=9709 kw=DIRECTIONAL SHADOWS_SCREEN SHADOWS_NATIVE LIGHTMAP_OFF DIRLIGHTMAP_OFF DYNAMICLIGHTMAP_OFF _EMISSION VERTEXLIGHT_ON _ALPHABLEND_ON ok=1
Cmd: compileSnippet
  api=1 type=0 insize=886 outsize=1009 kw=DIRECTIONAL SHADOWS_SCREEN LIGHTMAP_OFF DIRLIGHTMAP_OFF DYNAMICLIGHTMAP_OFF FOG_LINEAR _EMISSION _ALPHABLEND_ON ok=1
Cmd: compileSnippet
  api=4 type=0 insize=886 outsize=5962 kw=DIRECTIONAL SHADOWS_OFF LIGHTMAP_OFF DIRLIGHTMAP_OFF DYNAMICLIGHTMAP_OFF FOG_LINEAR _EMISSION VERTEXLIGHT_ON _ALPHABLEND_ON ok=1
Cmd: compileSnippet
  api=8 type=0 insize=886 outsize=7703 kw=DIRECTIONAL SHADOWS_SCREEN SHADOWS_NATIVE LIGHTMAP_OFF DIRLIGHTMAP_OFF DYNAMICLIGHTMAP_OFF FOG_LINEAR _EMISSION _ALPHABLEND_ON ok=1
Cmd: compileSnippet
  api=4 type=1 insize=886 outsize=4256 kw=DIRECTIONAL SHADOWS_OFF LIGHTMAP_OFF DIRLIGHTMAP_OFF DYNAMICLIGHTMAP_OFF _EMISSION _ALPHABLEND_ON ok=1
Cmd: compileSnippet
  api=8 type=1 insize=886 outsize=6923 kw=DIRECTIONAL SHADOWS_SCREEN SHADOWS_NATIVE LIGHTMAP_OFF DIRLIGHTMAP_OFF DYNAMICLIGHTMAP_OFF _EMISSION _ALPHABLEND_ON ok=1
Cmd: compileSnippet
  api=8 type=1 insize=886 outsize=7313 kw=DIRECTIONAL SHADOWS_SCREEN SHADOWS_NATIVE LIGHTMAP_OFF DIRLIGHTMAP_OFF DYNAMICLIGHTMAP_OFF FOG_LINEAR _EMISSION _ALPHABLEND_ON ok=1
Cmd: compileSnippet
  api=8 type=0 insize=1482 outsize=1828 kw=SOFTPARTICLES_OFF ok=1
Cmd: compileSnippet
  api=8 type=1 insize=1482 outsize=2259 kw=SOFTPARTICLES_ON ok=1
Cmd: compileSnippet
  api=8 type=0 insize=959 outsize=1877 kw=FOG_LINEAR ok=1
Cmd: compileSnippet
  api=8 type=1 insize=959 outsize=1324 kw=FOG_LINEAR ok=1
Unhandled exception: Readfile from pipe failed. GLE=The pipe has been ended.


Quitting shader compiler process
